0 verbose cli C:\Program Files\nodejs\node.exe C:\Program Files\nodejs\node_modules\npm\bin\npm-cli.js
1 info using npm@10.9.3
2 info using node@v22.19.0
3 silly config load:file:C:\Program Files\nodejs\node_modules\npm\npmrc
4 silly config load:file:C:\Users\b-kap\foldera-ai\.npmrc
5 silly config load:file:C:\Users\b-kap\.npmrc
6 silly config load:file:C:\Users\b-kap\AppData\Roaming\npm\etc\npmrc
7 verbose title npm exec playwright-cli -s=foldera-verify open https://www.foldera.ai
8 verbose argv "exec" "--yes" "--package" "@playwright/cli" "--" "playwright-cli" "-s=foldera-verify" "open" "https://www.foldera.ai"
9 verbose logfile logs-max:10 dir:C:\Users\b-kap\foldera-ai\output\npm-cache\_logs\2026-03-17T04_26_36_667Z-
10 verbose logfile C:\Users\b-kap\foldera-ai\output\npm-cache\_logs\2026-03-17T04_26_36_667Z-debug-0.log
11 silly logfile done cleaning log files
12 silly packumentCache heap:4345298944 maxSize:1086324736 maxEntrySize:543162368
13 http fetch GET 200 https://registry.npmjs.org/npm 289ms
14 http fetch GET 200 https://registry.npmjs.org/@playwright%2fcli 134ms (cache miss)
15 silly packumentCache heap:4345298944 maxSize:1086324736 maxEntrySize:543162368
16 silly idealTree buildDeps
17 silly fetch manifest @playwright/cli@0.1.1
18 silly packumentCache full:https://registry.npmjs.org/@playwright%2fcli cache-miss
19 http fetch GET 200 https://registry.npmjs.org/@playwright%2fcli 80ms (cache miss)
20 silly packumentCache full:https://registry.npmjs.org/@playwright%2fcli set size:undefined disposed:false
21 silly placeDep ROOT @playwright/cli@0.1.1 OK for:  want: 0.1.1
22 silly fetch manifest minimist@^1.2.5
23 silly packumentCache full:https://registry.npmjs.org/minimist cache-miss
24 silly fetch manifest playwright@1.59.0-alpha-1771104257000
25 silly packumentCache full:https://registry.npmjs.org/playwright cache-miss
26 http fetch GET 200 https://registry.npmjs.org/minimist 57ms (cache miss)
27 silly packumentCache full:https://registry.npmjs.org/minimist set size:undefined disposed:false
28 http fetch GET 200 https://registry.npmjs.org/playwright 262ms (cache miss)
29 silly packumentCache full:https://registry.npmjs.org/playwright set size:undefined disposed:false
30 silly placeDep ROOT minimist@1.2.8 OK for: @playwright/cli@0.1.1 want: ^1.2.5
31 silly placeDep ROOT playwright@1.59.0-alpha-1771104257000 OK for: @playwright/cli@0.1.1 want: 1.59.0-alpha-1771104257000
32 silly fetch manifest playwright-core@1.59.0-alpha-1771104257000
33 silly packumentCache full:https://registry.npmjs.org/playwright-core cache-miss
34 silly fetch manifest fsevents@2.3.2
35 silly packumentCache full:https://registry.npmjs.org/fsevents cache-miss
36 http fetch GET 200 https://registry.npmjs.org/fsevents 50ms (cache miss)
37 silly packumentCache full:https://registry.npmjs.org/fsevents set size:undefined disposed:false
38 http fetch GET 200 https://registry.npmjs.org/playwright-core 375ms (cache miss)
39 silly packumentCache full:https://registry.npmjs.org/playwright-core set size:undefined disposed:false
40 silly placeDep ROOT fsevents@2.3.2 OK for: playwright@1.59.0-alpha-1771104257000 want: 2.3.2
41 silly placeDep ROOT playwright-core@1.59.0-alpha-1771104257000 OK for: playwright@1.59.0-alpha-1771104257000 want: 1.59.0-alpha-1771104257000
42 silly reify moves {}
43 silly audit bulk request {
43 silly audit   '@playwright/cli': [ '0.1.1' ],
43 silly audit   minimist: [ '1.2.8' ],
43 silly audit   playwright: [ '1.59.0-alpha-1771104257000' ],
43 silly audit   fsevents: [ '2.3.2' ],
43 silly audit   'playwright-core': [ '1.59.0-alpha-1771104257000' ]
43 silly audit }
44 verbose reify failed optional dependency C:\Users\b-kap\foldera-ai\output\npm-cache\_npx\31e32ef8478fbf80\node_modules\fsevents
45 silly reify mark deleted [
45 silly reify   'C:\\Users\\b-kap\\foldera-ai\\output\\npm-cache\\_npx\\31e32ef8478fbf80\\node_modules\\fsevents'
45 silly reify ]
46 http cache playwright-core@https://registry.npmjs.org/playwright-core/-/playwright-core-1.59.0-alpha-1771104257000.tgz 0ms (cache hit)
47 http cache @playwright/cli@https://registry.npmjs.org/@playwright/cli/-/cli-0.1.1.tgz 0ms (cache hit)
48 silly tarball no local data for playwright-core@https://registry.npmjs.org/playwright-core/-/playwright-core-1.59.0-alpha-1771104257000.tgz. Extracting by manifest.
49 silly tarball no local data for @playwright/cli@https://registry.npmjs.org/@playwright/cli/-/cli-0.1.1.tgz. Extracting by manifest.
50 http cache minimist@https://registry.npmjs.org/minimist/-/minimist-1.2.8.tgz 0ms (cache hit)
51 http cache playwright@https://registry.npmjs.org/playwright/-/playwright-1.59.0-alpha-1771104257000.tgz 0ms (cache hit)
52 silly tarball no local data for minimist@https://registry.npmjs.org/minimist/-/minimist-1.2.8.tgz. Extracting by manifest.
53 silly tarball no local data for playwright@https://registry.npmjs.org/playwright/-/playwright-1.59.0-alpha-1771104257000.tgz. Extracting by manifest.
54 http fetch POST 200 https://registry.npmjs.org/-/npm/v1/security/advisories/bulk 48ms
55 silly audit report {}
56 http fetch GET 200 https://registry.npmjs.org/@playwright/cli/-/cli-0.1.1.tgz 107ms (cache miss)
57 http fetch GET 200 https://registry.npmjs.org/minimist/-/minimist-1.2.8.tgz 158ms (cache miss)
58 http fetch GET 200 https://registry.npmjs.org/playwright/-/playwright-1.59.0-alpha-1771104257000.tgz 566ms (cache miss)
59 http fetch GET 200 https://registry.npmjs.org/playwright-core/-/playwright-core-1.59.0-alpha-1771104257000.tgz 827ms (cache miss)
60 verbose cwd C:\Users\b-kap\foldera-ai
61 verbose os Windows_NT 10.0.26200
62 verbose node v22.19.0
63 verbose npm  v10.9.3
64 notice
64 notice New major version of npm available! 10.9.3 -> 11.11.1
64 notice Changelog: https://github.com/npm/cli/releases/tag/v11.11.1
64 notice To update run: npm install -g npm@11.11.1
64 notice  { force: true, [Symbol(proc-log.meta)]: true }
65 verbose exit 1
66 verbose code 1
